<?xml version="1.0" encoding="UTF-8"?>
<!-- Generated by org.testng.reporters.JUnitXMLReporter -->
<testsuite hostname="ThisPC" ignored="0" name="Default test" tests="3" failures="0" timestamp="2022-12-05T12:06:50 IST" time="0.058" errors="0">
  <testcase name="test1" time="0.011" classname="qsp.ParallelExcution"/>
  <testcase name="test1" time="0.011" classname="qsp.ParallelExcution"/>
  <testcase name="test2" time="0.0" classname="qsp.ParallelExcution"/>
</testsuite> <!-- Default test -->
