<?xml version="1.0" encoding="UTF-8"?>
<testng-results skipped="0" failed="0" ignored="0" total="3" passed="3">
  <reporter-output>
  </reporter-output>
  <suite name="Default suite" duration-ms="58" started-at="2022-12-05T12:06:50 IST" finished-at="2022-12-05T12:06:50 IST">
    <groups>
    </groups>
    <test name="Default test" duration-ms="58" started-at="2022-12-05T12:06:50 IST" finished-at="2022-12-05T12:06:50 IST">
      <class name="qsp.ParallelExcution">
        <test-method status="PASS" signature="test1()[pri:0, instance:qsp.ParallelExcution@2353b3e6]" name="test1" duration-ms="11" started-at="2022-12-05T12:06:50 IST" finished-at="2022-12-05T12:06:50 IST">
          <reporter-output>
          </reporter-output>
        </test-method> <!-- test1 -->
        <test-method status="PASS" signature="test1()[pri:0, instance:qsp.ParallelExcution@2353b3e6]" name="test1" duration-ms="11" started-at="2022-12-05T12:06:50 IST" finished-at="2022-12-05T12:06:50 IST">
          <reporter-output>
          </reporter-output>
        </test-method> <!-- test1 -->
        <test-method status="PASS" signature="test2()[pri:0, instance:qsp.ParallelExcution@2353b3e6]" name="test2" duration-ms="0" started-at="2022-12-05T12:06:50 IST" finished-at="2022-12-05T12:06:50 IST">
          <reporter-output>
          </reporter-output>
        </test-method> <!-- test2 -->
      </class> <!-- qsp.ParallelExcution -->
    </test> <!-- Default test -->
  </suite> <!-- Default suite -->
</testng-results>
